2023-09-17 14:44:03,055.v3_listening_worker.INFO ==================================================
2023-09-17 14:44:03,056.v3_listening_worker.INFO Today is 2023-09-17 at 02:44 PM
2023-09-17 14:44:03,056.v3_listening_worker.INFO Running on: nt Windows 10
2023-09-17 14:44:03,056.v3_listening_worker.INFO Python version:  3.9.12
2023-09-17 14:44:03,057.v3_listening_worker.INFO Python path: C:\Users\alhal\miniconda3
2023-09-17 14:44:03,057.v3_listening_worker.INFO Working dir: C:\Users\alhal\OneDrive\Documents\44-671\streaming-04-multiple-consumers
2023-09-17 14:44:03,057.v3_listening_worker.INFO ==================================================
2023-09-17 14:44:03,073.v3_listening_worker.INFO  [*] Ready for work. To exit press CTRL+C
2023-09-17 14:44:03,073.v3_listening_worker.INFO  [x] Received Third task....
2023-09-17 14:44:07,088.v3_listening_worker.INFO  [x] Done.
2023-09-17 14:44:07,090.v3_listening_worker.INFO  [x] Received Sixth task...
2023-09-17 14:44:10,097.v3_listening_worker.INFO  [x] Done.
2023-09-17 14:44:10,099.v3_listening_worker.INFO  [x] Received Second task....
2023-09-17 14:44:14,107.v3_listening_worker.INFO  [x] Done.
2023-09-17 14:44:14,109.v3_listening_worker.INFO  [x] Received Forth task...
2023-09-17 14:44:17,117.v3_listening_worker.INFO  [x] Done.
2023-09-17 14:44:17,121.v3_listening_worker.INFO  [x] Received Fifth task...
2023-09-17 14:44:20,128.v3_listening_worker.INFO  [x] Done.
2023-09-17 14:44:20,131.v3_listening_worker.INFO  [x] Received First task....
2023-09-17 14:44:24,139.v3_listening_worker.INFO  [x] Done.
2023-09-17 14:44:24,141.v3_listening_worker.INFO  [x] Received Third task....
2023-09-17 14:44:28,145.v3_listening_worker.INFO  [x] Done.
2023-09-17 14:44:28,151.v3_listening_worker.INFO  [x] Received Sixth task...
2023-09-17 14:44:31,155.v3_listening_worker.INFO  [x] Done.
2023-09-17 14:44:31,157.v3_listening_worker.INFO  [x] Received Second task....
2023-09-17 14:44:35,163.v3_listening_worker.INFO  [x] Done.
2023-09-17 14:44:35,168.v3_listening_worker.INFO  [x] Received Forth task...
2023-09-17 14:44:38,173.v3_listening_worker.INFO  [x] Done.
2023-09-17 14:44:38,175.v3_listening_worker.INFO  [x] Received Fifth task...
2023-09-17 14:44:41,186.v3_listening_worker.INFO  [x] Done.
2023-09-17 14:44:41,188.v3_listening_worker.INFO  [x] Received First task....
2023-09-17 14:44:45,194.v3_listening_worker.INFO  [x] Done.
2023-09-17 14:44:45,195.v3_listening_worker.INFO  [x] Received Third task....
2023-09-17 14:44:49,205.v3_listening_worker.INFO  [x] Done.
2023-09-17 14:44:49,207.v3_listening_worker.INFO  [x] Received Sixth task...
2023-09-17 14:44:52,219.v3_listening_worker.INFO  [x] Done.
2023-09-17 14:44:52,221.v3_listening_worker.INFO  [x] Received Second task....
2023-09-17 14:44:56,226.v3_listening_worker.INFO  [x] Done.
2023-09-17 14:44:56,229.v3_listening_worker.INFO  [x] Received Forth task...
2023-09-17 14:44:59,240.v3_listening_worker.INFO  [x] Done.
2023-09-17 14:44:59,241.v3_listening_worker.INFO  [x] Received Fifth task...
2023-09-17 14:45:02,251.v3_listening_worker.INFO  [x] Done.
2023-09-17 14:45:02,254.v3_listening_worker.INFO  [x] Received First task....
2023-09-17 14:45:06,254.v3_listening_worker.INFO  [x] Done.
2023-09-17 14:45:06,256.v3_listening_worker.INFO  [x] Received Third task....
2023-09-17 14:45:10,272.v3_listening_worker.INFO  [x] Done.
2023-09-17 14:45:10,273.v3_listening_worker.INFO  [x] Received Sixth task...
2023-09-17 14:45:13,285.v3_listening_worker.INFO  [x] Done.
2023-09-17 14:45:13,287.v3_listening_worker.INFO  [x] Received Eigth task….......
2023-09-17 14:45:20,302.v3_listening_worker.INFO  [x] Done.
2023-09-17 14:45:20,304.v3_listening_worker.INFO  [x] Received Tenth task…......................
2023-09-17 14:45:42,313.v3_listening_worker.INFO  [x] Done.
2023-09-17 14:45:42,314.v3_listening_worker.INFO  [x] Received Fifth task...
2023-09-17 14:45:45,319.v3_listening_worker.INFO  [x] Done.
2023-09-17 14:45:45,321.v3_listening_worker.INFO  [x] Received Seventh task..
2023-09-17 14:45:47,332.v3_listening_worker.INFO  [x] Done.
2023-09-17 14:45:47,334.v3_listening_worker.INFO  [x] Received Eigth task….......
2023-09-17 14:45:54,346.v3_listening_worker.INFO  [x] Done.
2023-09-17 14:45:54,351.v3_listening_worker.INFO  [x] Received Tenth task…......................
2023-09-17 14:46:16,363.v3_listening_worker.INFO  [x] Done.
2023-09-17 14:46:16,365.v3_listening_worker.INFO  [x] Received Fifth task...
2023-09-17 14:46:19,381.v3_listening_worker.INFO  [x] Done.
2023-09-17 14:46:19,383.v3_listening_worker.INFO  [x] Received Seventh task..
2023-09-17 14:46:21,390.v3_listening_worker.INFO  [x] Done.
2023-09-17 14:46:21,391.v3_listening_worker.INFO  [x] Received Ninth task…...............
2023-09-17 14:46:36,399.v3_listening_worker.INFO  [x] Done.
ived Ninth task…...............
2023-09-17 14:45:30,021.v3_listening_worker.INFO  [x] Done.
2023-09-17 14:45:30,023.v3_listening_worker.INFO  [x] Received First task....
2023-09-17 14:45:34,029.v3_listening_worker.INFO  [x] Done.
2023-09-17 14:45:34,030.v3_listening_worker.INFO  [x] Received Second task....
2023-09-17 14:45:38,036.v3_listening_worker.INFO  [x] Done.
2023-09-17 14:45:38,037.v3_listening_worker.INFO  [x] Received Third task....
2023-09-17 14:45:42,048.v3_listening_worker.INFO  [x] Done.
2023-09-17 14:45:42,050.v3_listening_worker.INFO  [x] Received Forth task...
2023-09-17 14:45:45,055.v3_listening_worker.INFO  [x] Done.
2023-09-17 14:45:45,057.v3_listening_worker.INFO  [x] Received Sixth task...
2023-09-17 14:45:48,063.v3_listening_worker.INFO  [x] Done.
2023-09-17 14:45:48,065.v3_listening_worker.INFO  [x] Received Ninth task…...............
2023-09-17 14:46:03,069.v3_listening_worker.INFO  [x] Done.
2023-09-17 14:46:03,070.v3_listening_worker.INFO  [x] Received First task....
2023-09-17 14:46:07,076.v3_listening_worker.INFO  [x] Done.
2023-09-17 14:46:07,077.v3_listening_worker.INFO  [x] Received Second task....
2023-09-17 14:46:11,085.v3_listening_worker.INFO  [x] Done.
2023-09-17 14:46:11,087.v3_listening_worker.INFO  [x] Received Third task....
2023-09-17 14:46:15,100.v3_listening_worker.INFO  [x] Done.
2023-09-17 14:46:15,101.v3_listening_worker.INFO  [x] Received Forth task...
2023-09-17 14:46:18,101.v3_listening_worker.INFO  [x] Done.
2023-09-17 14:46:18,102.v3_listening_worker.INFO  [x] Received Sixth task...
2023-09-17 14:46:21,110.v3_listening_worker.INFO  [x] Done.
2023-09-17 14:46:21,112.v3_listening_worker.INFO  [x] Received Eigth task….......
2023-09-17 14:46:28,128.v3_listening_worker.INFO  [x] Done.
2023-09-17 14:46:28,131.v3_listening_worker.INFO  [x] Received Tenth task…......................
2023-09-17 14:46:50,131.v3_listening_worker.INFO  [x] Done.
